<?xml version="1.0" ?>
<coverage version="5.3" timestamp="1606013666484" lines-valid="25" lines-covered="25" line-rate="1" branches-covered="0" branches-valid="0" branch-rate="0" complexity="0">
	<!-- Generated by coverage.py: https://coverage.readthedocs.io -->
	<!-- Based on https://raw.githubusercontent.com/cobertura/web/master/htdocs/xml/coverage-04.dtd -->
	<sources>
		<source>/home/saurabh/Desktop/twitter-project</source>
	</sources>
	<packages>
		<package name="app" line-rate="1" branch-rate="0" complexity="0">
			<classes>
				<class name="__init__.py" filename="app/__init__.py" complexity="0" line-rate="1" branch-rate="0">
					<methods/>
					<lines/>
				</class>
				<class name="keys.py" filename="app/keys.py" complexity="0" line-rate="1" branch-rate="0">
					<methods/>
					<lines>
						<line number="1" hits="1"/>
						<line number="3" hits="1"/>
						<line number="5" hits="1"/>
						<line number="7" hits="1"/>
						<line number="8" hits="1"/>
						<line number="9" hits="1"/>
						<line number="10" hits="1"/>
					</lines>
				</class>
			</classes>
		</package>
		<package name="test" line-rate="1" branch-rate="0" complexity="0">
			<classes>
				<class name="__init__.py" filename="test/__init__.py" complexity="0" line-rate="1" branch-rate="0">
					<methods/>
					<lines/>
				</class>
				<class name="test_keys.py" filename="test/test_keys.py" complexity="0" line-rate="1" branch-rate="0">
					<methods/>
					<lines>
						<line number="5" hits="1"/>
						<line number="7" hits="1"/>
						<line number="9" hits="1"/>
						<line number="13" hits="1"/>
						<line number="15" hits="1"/>
						<line number="19" hits="1"/>
						<line number="21" hits="1"/>
						<line number="25" hits="1"/>
						<line number="27" hits="1"/>
						<line number="31" hits="1"/>
						<line number="33" hits="1"/>
						<line number="37" hits="1"/>
						<line number="39" hits="1"/>
						<line number="43" hits="1"/>
						<line number="45" hits="1"/>
						<line number="49" hits="1"/>
						<line number="51" hits="1"/>
						<line number="55" hits="1"/>
					</lines>
				</class>
			</classes>
		</package>
	</packages>
</coverage>
